{"numTotalTestSuites":3,"numPassedTestSuites":1,"numFailedTestSuites":2,"numPendingTestSuites":0,"numTotalTests":11,"numPassedTests":10,"numFailedTests":1,"numPendingTests":0,"numTodoTests":0,"snapshot":{"added":0,"failure":false,"filesAdded":0,"filesRemoved":0,"filesRemovedList":[],"filesUnmatched":0,"filesUpdated":0,"matched":0,"total":0,"unchecked":0,"uncheckedKeysByFile":[],"unmatched":0,"updated":0,"didUpdate":false},"startTime":1788117061551,"success":false,"testResults":[{"assertionResults":[{"ancestorTitles":["processFrame"],"fullName":"processFrame handles a single-line session_revoked frame","status":"passed","title":"handles a single-line session_revoked frame","duration":3.6824000000001433,"failureMessages":[],"meta":{},"tags":[]},{"ancestorTitles":["processFrame"],"fullName":"processFrame keeps the current multi-line data truncation behavior","status":"passed","title":"keeps the current multi-line data truncation behavior","duration":0.9655999999999949,"failureMessages":[],"meta":{},"tags":[]},{"ancestorTitles":["processFrame"],"fullName":"processFrame ignores malformed JSON payloads","status":"passed","title":"ignores malformed JSON payloads","duration":0.6653999999998632,"failureMessages":[],"meta":{},"tags":[]},{"ancestorTitles":["processFrame"],"fullName":"processFrame ignores unknown event types","status":"passed","title":"ignores unknown event types","duration":0.49739999999974316,"failureMessages":[],"meta":{},"tags":[]},{"ancestorTitles":["processFrame"],"fullName":"processFrame ignores a session_revoked payload when the event line is missing","status":"passed","title":"ignores a session_revoked payload when the event line is missing","duration":0.30960000000004584,"failureMessages":[],"meta":{},"tags":[]},{"ancestorTitles":["processFrame"],"fullName":"processFrame maps reason admin_logout to admin_logout","status":"passed","title":"maps reason admin_logout to admin_logout","duration":0.7570999999998094,"failureMessages":[],"meta":{},"tags":[]},{"ancestorTitles":["processFrame"],"fullName":"processFrame maps reason password_changed to password_changed","status":"passed","title":"maps reason password_changed to password_changed","duration":0.6610000000000582,"failureMessages":[],"meta":{},"tags":[]},{"ancestorTitles":["processFrame"],"fullName":"processFrame maps reason session_expired to session_expired","status":"passed","title":"maps reason session_expired to session_expired","duration":0.9315000000001419,"failureMessages":[],"meta":{},"tags":[]},{"ancestorTitles":["processFrame"],"fullName":"processFrame maps reason not_a_known_reason to unknown","status":"passed","title":"maps reason not_a_known_reason to unknown","duration":0.7445000000002437,"failureMessages":[],"meta":{},"tags":[]},{"ancestorTitles":["connectSessionSse reconnect behavior"],"fullName":"connectSessionSse reconnect behavior schedules a retry after a non-200 response","status":"failed","title":"schedules a retry after a non-200 response","duration":846.2370000000001,"failureMessages":["Error: Aborting after running 10000 timers, assuming an infinite loop!\nTimeout - connect\n    at connect (C:/Users/a-ahmedyahaya/Desktop/dev/abdulsnk/ApexChainx-Frontend/src/lib/session-sse.ts:137:22)"],"meta":{},"tags":[]},{"ancestorTitles":["connectSessionSse reconnect behavior"],"fullName":"connectSessionSse reconnect behavior stops retrying after 401 or 403 responses","status":"passed","title":"stops retrying after 401 or 403 responses","duration":2.9220000000000255,"failureMessages":[],"meta":{},"tags":[]}],"startTime":1788117063857,"endTime":1788117064716.922,"status":"failed","message":"","name":"C:/Users/a-ahmedyahaya/Desktop/dev/abdulsnk/ApexChainx-Frontend/tests/session-sse.test.ts"}]}